Determining if the pthread_create exist failed with the following output:
Change Dir: /org/cs/u3/hlpan/cs488/shared/glfw-3.1.1/build/CMakeFiles/CMakeTmp

Run Build Command:"/usr/bin/make" "cmTC_babba/fast"
/usr/bin/make -f CMakeFiles/cmTC_babba.dir/build.make CMakeFiles/cmTC_babba.dir/build
make[1]: Entering directory '/org/cs/u3/hlpan/cs488/shared/glfw-3.1.1/build/CMakeFiles/CMakeTmp'
Building C object CMakeFiles/cmTC_babba.dir/CheckSymbolExists.c.o
/usr/bin/cc     -o CMakeFiles/cmTC_babba.dir/CheckSymbolExists.c.o   -c /org/cs/u3/hlpan/cs488/shared/glfw-3.1.1/build/CMakeFiles/CMakeTmp/CheckSymbolExists.c
Linking C executable cmTC_babba
/usr/bin/cmake -E cmake_link_script CMakeFiles/cmTC_babba.dir/link.txt --verbose=1
/usr/bin/cc       CMakeFiles/cmTC_babba.dir/CheckSymbolExists.c.o  -o cmTC_babba -rdynamic 
CMakeFiles/cmTC_babba.dir/CheckSymbolExists.c.o: In function `main':
CheckSymbolExists.c:(.text+0x16): undefined reference to `pthread_create'
collect2: error: ld returned 1 exit status
CMakeFiles/cmTC_babba.dir/build.make:97: recipe for target 'cmTC_babba' failed
make[1]: *** [cmTC_babba] Error 1
make[1]: Leaving directory '/org/cs/u3/hlpan/cs488/shared/glfw-3.1.1/build/CMakeFiles/CMakeTmp'
Makefile:126: recipe for target 'cmTC_babba/fast' failed
make: *** [cmTC_babba/fast] Error 2

File /org/cs/u3/hlpan/cs488/shared/glfw-3.1.1/build/CMakeFiles/CMakeTmp/CheckSymbolExists.c:
/* */
#include <pthread.h>

int main(int argc, char** argv)
{
  (void)argv;
#ifndef pthread_create
  return ((int*)(&pthread_create))[argc];
#else
  (void)argc;
  return 0;
#endif
}

Determining if the function pthread_create exists in the pthreads failed with the following output:
Change Dir: /org/cs/u3/hlpan/cs488/shared/glfw-3.1.1/build/CMakeFiles/CMakeTmp

Run Build Command:"/usr/bin/make" "cmTC_d1c74/fast"
/usr/bin/make -f CMakeFiles/cmTC_d1c74.dir/build.make CMakeFiles/cmTC_d1c74.dir/build
make[1]: Entering directory '/org/cs/u3/hlpan/cs488/shared/glfw-3.1.1/build/CMakeFiles/CMakeTmp'
Building C object CMakeFiles/cmTC_d1c74.dir/CheckFunctionExists.c.o
/usr/bin/cc    -DCHECK_FUNCTION_EXISTS=pthread_create   -o CMakeFiles/cmTC_d1c74.dir/CheckFunctionExists.c.o   -c /usr/share/cmake-3.5/Modules/CheckFunctionExists.c
Linking C executable cmTC_d1c74
/usr/bin/cmake -E cmake_link_script CMakeFiles/cmTC_d1c74.dir/link.txt --verbose=1
/usr/bin/cc   -DCHECK_FUNCTION_EXISTS=pthread_create    CMakeFiles/cmTC_d1c74.dir/CheckFunctionExists.c.o  -o cmTC_d1c74 -rdynamic -lpthreads 
/usr/bin/ld: cannot find -lpthreads
collect2: error: ld returned 1 exit status
CMakeFiles/cmTC_d1c74.dir/build.make:97: recipe for target 'cmTC_d1c74' failed
make[1]: *** [cmTC_d1c74] Error 1
make[1]: Leaving directory '/org/cs/u3/hlpan/cs488/shared/glfw-3.1.1/build/CMakeFiles/CMakeTmp'
Makefile:126: recipe for target 'cmTC_d1c74/fast' failed
make: *** [cmTC_d1c74/fast] Error 2


Determining if the function glXGetProcAddressEXT exists failed with the following output:
Change Dir: /org/cs/u3/hlpan/cs488/shared/glfw-3.1.1/build/CMakeFiles/CMakeTmp

Run Build Command:"/usr/bin/make" "cmTC_89c15/fast"
/usr/bin/make -f CMakeFiles/cmTC_89c15.dir/build.make CMakeFiles/cmTC_89c15.dir/build
make[1]: Entering directory '/org/cs/u3/hlpan/cs488/shared/glfw-3.1.1/build/CMakeFiles/CMakeTmp'
Building C object CMakeFiles/cmTC_89c15.dir/CheckFunctionExists.c.o
/usr/bin/cc    -DCHECK_FUNCTION_EXISTS=glXGetProcAddressEXT   -o CMakeFiles/cmTC_89c15.dir/CheckFunctionExists.c.o   -c /usr/share/cmake-3.5/Modules/CheckFunctionExists.c
Linking C executable cmTC_89c15
/usr/bin/cmake -E cmake_link_script CMakeFiles/cmTC_89c15.dir/link.txt --verbose=1
/usr/bin/cc   -DCHECK_FUNCTION_EXISTS=glXGetProcAddressEXT    CMakeFiles/cmTC_89c15.dir/CheckFunctionExists.c.o  -o cmTC_89c15 -rdynamic /usr/lib/x86_64-linux-gnu/libGL.so 
CMakeFiles/cmTC_89c15.dir/CheckFunctionExists.c.o: In function `main':
CheckFunctionExists.c:(.text+0x15): undefined reference to `glXGetProcAddressEXT'
collect2: error: ld returned 1 exit status
CMakeFiles/cmTC_89c15.dir/build.make:98: recipe for target 'cmTC_89c15' failed
make[1]: *** [cmTC_89c15] Error 1
make[1]: Leaving directory '/org/cs/u3/hlpan/cs488/shared/glfw-3.1.1/build/CMakeFiles/CMakeTmp'
Makefile:126: recipe for target 'cmTC_89c15/fast' failed
make: *** [cmTC_89c15/fast] Error 2


